<?xml version="1.0" encoding="UTF-8"?>
<testng-results ignored="0" total="1" passed="1" failed="0" skipped="0">
  <reporter-output>
  </reporter-output>
  <suite started-at="2020-02-21T17:36:47 EST" name="Default suite" finished-at="2020-02-21T17:37:02 EST" duration-ms="14844">
    <groups>
    </groups>
    <test started-at="2020-02-21T17:36:47 EST" name="Default test" finished-at="2020-02-21T17:37:02 EST" duration-ms="14844">
      <class name="auto.testcases.TestDonatePage">
        <test-method is-config="true" signature="setUp()[pri:0, instance:auto.testcases.TestDonatePage@17497425]" started-at="2020-02-21T17:36:47 EST" name="setUp" finished-at="2020-02-21T17:36:56 EST" duration-ms="9154" status="PASS">
          <reporter-output>
          </reporter-output>
        </test-method> <!-- setUp -->
        <test-method signature="testDemoPage()[pri:0, instance:auto.testcases.TestDonatePage@17497425]" started-at="2020-02-21T17:36:57 EST" name="testDemoPage" finished-at="2020-02-21T17:37:02 EST" duration-ms="5157" status="PASS">
          <reporter-output>
          </reporter-output>
        </test-method> <!-- testDemoPage -->
        <test-method is-config="true" signature="teardown()[pri:0, instance:auto.testcases.TestDonatePage@17497425]" started-at="2020-02-21T17:37:02 EST" name="teardown" finished-at="2020-02-21T17:37:02 EST" duration-ms="450" status="PASS">
          <reporter-output>
          </reporter-output>
        </test-method> <!-- teardown -->
      </class> <!-- auto.testcases.TestDonatePage -->
    </test> <!-- Default test -->
  </suite> <!-- Default suite -->
</testng-results>
